<?xml version="1.0" encoding="UTF-8"?>
<!-- Generated by org.testng.reporters.JUnitReportReporter -->
<testsuite skipped="0" hostname="Lenovo-PC" name="TC001" tests="1" failures="0" timestamp="16 Aug 2019 01:49:14 GMT" time="39.060" errors="0">
  <testcase name="TC001" time="39.060" classname="TC001"/>
</testsuite> <!-- TC001 -->
